

Microchip MPLAB XC8 Assembler V2.31 build 20201012212115 
                                                                                               Fri Apr 23 11:08:37 2021

Microchip MPLAB XC8 C Compiler v2.31 (Free license) build 20201012212115 Og1 
     1                           	processor	16F887
     2                           	pagewidth 120
     3                           	opt	flic
     4                           	psect	idataBANK0,global,class=CODE,delta=2,noexec
     5                           	psect	cinit,global,class=CODE,merge=1,delta=2
     6                           	psect	bssCOMMON,global,class=COMMON,space=1,delta=1,noexec
     7                           	psect	bssBANK0,global,class=BANK0,space=1,delta=1,noexec
     8                           	psect	dataBANK0,global,class=BANK0,space=1,delta=1,noexec
     9                           	psect	inittext,global,class=CODE,delta=2
    10                           	psect	cstackCOMMON,global,class=COMMON,space=1,delta=1,noexec
    11                           	psect	cstackBANK0,global,class=BANK0,space=1,delta=1,noexec
    12                           	psect	maintext,global,class=CODE,split=1,delta=2
    13                           	psect	text1,local,class=CODE,merge=1,delta=2
    14                           	psect	text2,local,class=CODE,merge=1,delta=2
    15                           	psect	text3,local,class=CODE,merge=1,delta=2,group=1
    16                           	psect	text4,local,class=CODE,merge=1,delta=2,group=1
    17                           	psect	text5,local,class=CODE,merge=1,delta=2
    18                           	psect	intentry,global,class=CODE,delta=2
    19                           	psect	config,global,abs,ovrld,class=CONFIG,space=4,delta=2,noexec
    20                           	dabs	1,0x7E,2
    21  0000                     
    22                           ; Version 2.20
    23                           ; Generated 12/02/2020 GMT
    24                           ; 
    25                           ; Copyright © 2020, Microchip Technology Inc. and its subsidiaries ("Microchip")
    26                           ; All rights reserved.
    27                           ; 
    28                           ; This software is developed by Microchip Technology Inc. and its subsidiaries ("Microch
      +                          ip").
    29                           ; 
    30                           ; Redistribution and use in source and binary forms, with or without modification, are
    31                           ; permitted provided that the following conditions are met:
    32                           ; 
    33                           ;     1. Redistributions of source code must retain the above copyright notice, this lis
      +                          t of
    34                           ;        conditions and the following disclaimer.
    35                           ; 
    36                           ;     2. Redistributions in binary form must reproduce the above copyright notice, this 
      +                          list
    37                           ;        of conditions and the following disclaimer in the documentation and/or other
    38                           ;        materials provided with the distribution.
    39                           ; 
    40                           ;     3. Microchip's name may not be used to endorse or promote products derived from th
      +                          is
    41                           ;        software without specific prior written permission.
    42                           ; 
    43                           ; THIS SOFTWARE IS PROVIDED BY MICROCHIP "AS IS" AND ANY EXPRESS OR IMPLIED WARRANTIES,
    44                           ; INCLUDING, BUT NOT LIMITED TO, THE IMPLIED WARRANTIES OF MERCHANTABILITY AND FITNESS F
      +                          OR
    45                           ; PURPOSE ARE DISCLAIMED.  IN NO EVENT SHALL MICROCHIP BE LIABLE FOR ANY DIRECT, INDIREC
      +                          T,
    46                           ; INCIDENTAL, SPECIAL, EXEMPLARY, OR CONSEQUENTIAL DAMAGES (INCLUDING BUT NOT LIMITED TO
    47                           ; PROCUREMENT OF SUBSTITUTE GOODS OR SERVICES; LOSS OF USE, DATA OR PROFITS; OR BUSINESS
    48                           ; INTERRUPTION) HOWSOEVER CAUSED AND ON ANY THEORY OF LIABILITY, WHETHER IN CONTRACT, ST
      +                          RICT
    49                           ; LIABILITY, OR TORT (INCLUDING NEGLIGENCE OR OTHERWISE) ARISING IN ANY WAY OUT OF THE U
      +                          SE OF
    50                           ; THIS SOFTWARE, EVEN IF ADVISED OF THE POSSIBILITY OF SUCH DAMAGE.
    51                           ; 
    52                           ; 
    53                           ; Code-generator required, PIC16F887 Definitions
    54                           ; 
    55                           ; SFR Addresses
    56  0000                     	;# 
    57  0001                     	;# 
    58  0002                     	;# 
    59  0003                     	;# 
    60  0004                     	;# 
    61  0005                     	;# 
    62  0006                     	;# 
    63  0007                     	;# 
    64  0008                     	;# 
    65  0009                     	;# 
    66  000A                     	;# 
    67  000B                     	;# 
    68  000C                     	;# 
    69  000D                     	;# 
    70  000E                     	;# 
    71  000E                     	;# 
    72  000F                     	;# 
    73  0010                     	;# 
    74  0011                     	;# 
    75  0012                     	;# 
    76  0013                     	;# 
    77  0014                     	;# 
    78  0015                     	;# 
    79  0015                     	;# 
    80  0016                     	;# 
    81  0017                     	;# 
    82  0018                     	;# 
    83  0019                     	;# 
    84  001A                     	;# 
    85  001B                     	;# 
    86  001B                     	;# 
    87  001C                     	;# 
    88  001D                     	;# 
    89  001E                     	;# 
    90  001F                     	;# 
    91  0081                     	;# 
    92  0085                     	;# 
    93  0086                     	;# 
    94  0087                     	;# 
    95  0088                     	;# 
    96  0089                     	;# 
    97  008C                     	;# 
    98  008D                     	;# 
    99  008E                     	;# 
   100  008F                     	;# 
   101  0090                     	;# 
   102  0091                     	;# 
   103  0092                     	;# 
   104  0093                     	;# 
   105  0093                     	;# 
   106  0093                     	;# 
   107  0094                     	;# 
   108  0095                     	;# 
   109  0096                     	;# 
   110  0097                     	;# 
   111  0098                     	;# 
   112  0099                     	;# 
   113  009A                     	;# 
   114  009B                     	;# 
   115  009C                     	;# 
   116  009D                     	;# 
   117  009E                     	;# 
   118  009F                     	;# 
   119  0105                     	;# 
   120  0107                     	;# 
   121  0108                     	;# 
   122  0109                     	;# 
   123  010C                     	;# 
   124  010C                     	;# 
   125  010D                     	;# 
   126  010E                     	;# 
   127  010F                     	;# 
   128  0185                     	;# 
   129  0187                     	;# 
   130  0188                     	;# 
   131  0189                     	;# 
   132  018C                     	;# 
   133  018D                     	;# 
   134  0000                     	;# 
   135  0001                     	;# 
   136  0002                     	;# 
   137  0003                     	;# 
   138  0004                     	;# 
   139  0005                     	;# 
   140  0006                     	;# 
   141  0007                     	;# 
   142  0008                     	;# 
   143  0009                     	;# 
   144  000A                     	;# 
   145  000B                     	;# 
   146  000C                     	;# 
   147  000D                     	;# 
   148  000E                     	;# 
   149  000E                     	;# 
   150  000F                     	;# 
   151  0010                     	;# 
   152  0011                     	;# 
   153  0012                     	;# 
   154  0013                     	;# 
   155  0014                     	;# 
   156  0015                     	;# 
   157  0015                     	;# 
   158  0016                     	;# 
   159  0017                     	;# 
   160  0018                     	;# 
   161  0019                     	;# 
   162  001A                     	;# 
   163  001B                     	;# 
   164  001B                     	;# 
   165  001C                     	;# 
   166  001D                     	;# 
   167  001E                     	;# 
   168  001F                     	;# 
   169  0081                     	;# 
   170  0085                     	;# 
   171  0086                     	;# 
   172  0087                     	;# 
   173  0088                     	;# 
   174  0089                     	;# 
   175  008C                     	;# 
   176  008D                     	;# 
   177  008E                     	;# 
   178  008F                     	;# 
   179  0090                     	;# 
   180  0091                     	;# 
   181  0092                     	;# 
   182  0093                     	;# 
   183  0093                     	;# 
   184  0093                     	;# 
   185  0094                     	;# 
   186  0095                     	;# 
   187  0096                     	;# 
   188  0097                     	;# 
   189  0098                     	;# 
   190  0099                     	;# 
   191  009A                     	;# 
   192  009B                     	;# 
   193  009C                     	;# 
   194  009D                     	;# 
   195  009E                     	;# 
   196  009F                     	;# 
   197  0105                     	;# 
   198  0107                     	;# 
   199  0108                     	;# 
   200  0109                     	;# 
   201  010C                     	;# 
   202  010C                     	;# 
   203  010D                     	;# 
   204  010E                     	;# 
   205  010F                     	;# 
   206  0185                     	;# 
   207  0187                     	;# 
   208  0188                     	;# 
   209  0189                     	;# 
   210  018C                     	;# 
   211  018D                     	;# 
   212                           
   213                           	psect	idataBANK0
   214  022C                     __pidataBANK0:
   215                           
   216                           ;initializer for _tab7seg
   217  022C  343F               	retlw	63
   218  022D  3406               	retlw	6
   219  022E  345B               	retlw	91
   220  022F  344F               	retlw	79
   221  0230  3466               	retlw	102
   222  0231  346D               	retlw	109
   223  0232  347D               	retlw	125
   224  0233  3407               	retlw	7
   225  0234  347F               	retlw	127
   226  0235  3467               	retlw	103
   227  0005                     _PORTA	set	5
   228  001E                     _ADRESH	set	30
   229  0006                     _PORTB	set	6
   230  000C                     _PIR1bits	set	12
   231  0001                     _TMR0	set	1
   232  0008                     _PORTDbits	set	8
   233  0007                     _PORTC	set	7
   234  0009                     _PORTE	set	9
   235  0008                     _PORTD	set	8
   236  000B                     _INTCONbits	set	11
   237  001F                     _ADCON0bits	set	31
   238  0081                     _OPTION_REGbits	set	129
   239  008C                     _PIE1bits	set	140
   240  009F                     _ADCON1bits	set	159
   241  0089                     _TRISE	set	137
   242  0087                     _TRISC	set	135
   243  0086                     _TRISB	set	134
   244  0088                     _TRISD	set	136
   245  0085                     _TRISA	set	133
   246  008F                     _OSCCONbits	set	143
   247  0188                     _ANSEL	set	392
   248  0189                     _ANSELH	set	393
   249                           
   250                           	psect	cinit
   251  000F                     start_initialization:	
   252                           ; #config settings
   253                           
   254  000F                     __initialization:
   255                           
   256                           ; Initialize objects allocated to BANK0
   257  000F  1383               	bcf	3,7	;select IRP bank0
   258  0010  302A               	movlw	low (__pdataBANK0+10)
   259  0011  00FD               	movwf	btemp+-1
   260  0012  3002               	movlw	high __pidataBANK0
   261  0013  00FE               	movwf	btemp
   262  0014  302C               	movlw	low __pidataBANK0
   263  0015  00FF               	movwf	btemp+1
   264  0016  3020               	movlw	low __pdataBANK0
   265  0017  0084               	movwf	4
   266  0018  120A  118A  221D  120A  118A  	fcall	init_ram0
   267                           
   268                           ; Clear objects allocated to BANK0
   269  001D  01B2               	clrf	__pbssBANK0& (0+127)
   270  001E  01B3               	clrf	(__pbssBANK0+1)& (0+127)
   271  001F  01B4               	clrf	(__pbssBANK0+2)& (0+127)
   272  0020  01B5               	clrf	(__pbssBANK0+3)& (0+127)
   273  0021  01B6               	clrf	(__pbssBANK0+4)& (0+127)
   274                           
   275                           ; Clear objects allocated to COMMON
   276  0022  01F8               	clrf	__pbssCOMMON& (0+127)
   277  0023  01F9               	clrf	(__pbssCOMMON+1)& (0+127)
   278  0024  01FA               	clrf	(__pbssCOMMON+2)& (0+127)
   279  0025                     end_of_initialization:	
   280                           ;End of C runtime variable initialization code
   281                           
   282  0025                     __end_of__initialization:
   283  0025  0183               	clrf	3
   284  0026  120A  118A  29E8   	ljmp	_main	;jump to C main() function
   285                           
   286                           	psect	bssCOMMON
   287  0078                     __pbssCOMMON:
   288  0078                     _decenas:
   289  0078                     	ds	1
   290  0079                     _unidades:
   291  0079                     	ds	1
   292  007A                     _var_temp:
   293  007A                     	ds	1
   294                           
   295                           	psect	bssBANK0
   296  0032                     __pbssBANK0:
   297  0032                     _centena_display:
   298  0032                     	ds	1
   299  0033                     _decena_display:
   300  0033                     	ds	1
   301  0034                     _unidad_display:
   302  0034                     	ds	1
   303  0035                     _centenas:
   304  0035                     	ds	1
   305  0036                     _decenas_temp:
   306  0036                     	ds	1
   307                           
   308                           	psect	dataBANK0
   309  0020                     __pdataBANK0:
   310  0020                     _tab7seg:
   311  0020                     	ds	10
   312                           
   313                           	psect	inittext
   314  0219                     init_fetch0:	
   315                           ;	Called with low address in FSR and high address in W
   316                           
   317  0219  087E               	movf	btemp,w
   318  021A  008A               	movwf	10
   319  021B  087F               	movf	btemp+1,w
   320  021C  0082               	movwf	2
   321  021D                     init_ram0:	
   322                           ;Called with:
   323                           ;	high address of idata address in btemp 
   324                           ;	low address of idata address in btemp+1 
   325                           ;	low address of data in FSR
   326                           ;	high address + 1 of data in btemp-1
   327                           
   328  021D  120A  118A  2219  120A  118A  	fcall	init_fetch0
   329  0222  0080               	movwf	0
   330  0223  0A84               	incf	4,f
   331  0224  0804               	movf	4,w
   332  0225  067D               	xorwf	btemp+-1,w
   333  0226  1903               	btfsc	3,2
   334  0227  3400               	retlw	0
   335  0228  0AFF               	incf	btemp+1,f
   336  0229  1903               	btfsc	3,2
   337  022A  0AFE               	incf	btemp,f
   338  022B  2A1D               	goto	init_ram0
   339                           
   340                           	psect	cstackCOMMON
   341  0070                     __pcstackCOMMON:
   342  0070                     ?_setup:
   343  0070                     ?_contador:	
   344                           ; 1 bytes @ 0x0
   345                           
   346  0070                     ?_main:	
   347                           ; 1 bytes @ 0x0
   348                           
   349  0070                     ?_isr:	
   350                           ; 1 bytes @ 0x0
   351                           
   352  0070                     ??_isr:	
   353                           ; 1 bytes @ 0x0
   354                           
   355                           
   356                           ; 1 bytes @ 0x0
   357  0070                     	ds	3
   358  0073                     ??_setup:
   359  0073                     ?___awdiv:	
   360                           ; 1 bytes @ 0x3
   361                           
   362  0073                     ?___awmod:	
   363                           ; 2 bytes @ 0x3
   364                           
   365  0073                     ___awdiv@divisor:	
   366                           ; 2 bytes @ 0x3
   367                           
   368  0073                     ___awmod@divisor:	
   369                           ; 2 bytes @ 0x3
   370                           
   371                           
   372                           ; 2 bytes @ 0x3
   373  0073                     	ds	2
   374  0075                     ___awdiv@dividend:
   375  0075                     ___awmod@dividend:	
   376                           ; 2 bytes @ 0x5
   377                           
   378                           
   379                           ; 2 bytes @ 0x5
   380  0075                     	ds	2
   381  0077                     ??___awdiv:
   382  0077                     ??___awmod:	
   383                           ; 1 bytes @ 0x7
   384                           
   385                           
   386                           ; 1 bytes @ 0x7
   387  0077                     	ds	1
   388                           
   389                           	psect	cstackBANK0
   390  002A                     __pcstackBANK0:
   391  002A                     ___awdiv@counter:
   392  002A                     ___awmod@counter:	
   393                           ; 1 bytes @ 0x0
   394                           
   395                           
   396                           ; 1 bytes @ 0x0
   397  002A                     	ds	1
   398  002B                     ___awdiv@sign:
   399  002B                     ___awmod@sign:	
   400                           ; 1 bytes @ 0x1
   401                           
   402                           
   403                           ; 1 bytes @ 0x1
   404  002B                     	ds	1
   405  002C                     ___awdiv@quotient:
   406                           
   407                           ; 2 bytes @ 0x2
   408  002C                     	ds	2
   409  002E                     ??_contador:
   410                           
   411                           ; 1 bytes @ 0x4
   412  002E                     	ds	3
   413  0031                     ??_main:
   414                           
   415                           ; 1 bytes @ 0x7
   416  0031                     	ds	1
   417                           
   418                           	psect	maintext
   419  01E8                     __pmaintext:	
   420 ;;
   421 ;;Main: autosize = 0, tempsize = 1, incstack = 0, save=0
   422 ;;
   423 ;; *************** function _main *****************
   424 ;; Defined at:
   425 ;;		line 78 in file "Lab08.c"
   426 ;; Parameters:    Size  Location     Type
   427 ;;		None
   428 ;; Auto vars:     Size  Location     Type
   429 ;;		None
   430 ;; Return value:  Size  Location     Type
   431 ;;                  1    wreg      void 
   432 ;; Registers used:
   433 ;;		wreg, fsr0l, fsr0h, status,2, status,0, pclath, cstack
   434 ;; Tracked objects:
   435 ;;		On entry : B00/0
   436 ;;		On exit  : 0/0
   437 ;;		Unchanged: 0/0
   438 ;; Data sizes:     COMMON   BANK0   BANK1   BANK3   BANK2
   439 ;;      Params:         0       0       0       0       0
   440 ;;      Locals:         0       0       0       0       0
   441 ;;      Temps:          0       1       0       0       0
   442 ;;      Totals:         0       1       0       0       0
   443 ;;Total ram usage:        1 bytes
   444 ;; Hardware stack levels required when called:    3
   445 ;; This function calls:
   446 ;;		_contador
   447 ;;		_setup
   448 ;; This function is called by:
   449 ;;		Startup code after reset
   450 ;; This function uses a non-reentrant model
   451 ;;
   452                           
   453                           
   454                           ;psect for function _main
   455  01E8                     _main:
   456  01E8                     l1092:	
   457                           ;incstack = 0
   458                           ; Regs used in _main: [wreg-fsr0h+status,2+status,0+pclath+cstack]
   459                           
   460                           
   461                           ;Lab08.c: 79:     TRISD = 0x00;
   462  01E8  120A  118A  215E  120A  118A  	fcall	_setup
   463  01ED                     l1094:
   464                           
   465                           ;Lab08.c: 80:     TRISB = 0x00;
   466  01ED  1283               	bcf	3,5	;RP0=0, select bank0
   467  01EE  1303               	bcf	3,6	;RP1=0, select bank0
   468  01EF  149F               	bsf	31,1	;volatile
   469  01F0                     l1096:
   470                           
   471                           ;Lab08.c: 82:     TRISE = 0x8;;Lab08.c: 83: 
   472  01F0  1283               	bcf	3,5	;RP0=0, select bank0
   473  01F1  1303               	bcf	3,6	;RP1=0, select bank0
   474  01F2  189F               	btfsc	31,1	;volatile
   475  01F3  29F5               	goto	u621
   476  01F4  29F6               	goto	u620
   477  01F5                     u621:
   478  01F5  29F0               	goto	l1096
   479  01F6                     u620:
   480  01F6                     l1098:
   481                           
   482                           ;Lab08.c: 84:     PORTA = 0x00;
   483  01F6  0C1F               	rrf	31,w	;volatile
   484  01F7  00B1               	movwf	??_main
   485  01F8  0C31               	rrf	??_main,w
   486  01F9  390F               	andlw	15
   487  01FA  3A00               	xorlw	0
   488  01FB  1D03               	skipz
   489  01FC  29FE               	goto	u631
   490  01FD  29FF               	goto	u630
   491  01FE                     u631:
   492  01FE  2A04               	goto	l1102
   493  01FF                     u630:
   494  01FF                     l1100:
   495                           
   496                           ;Lab08.c: 85:     PORTD = 0x00;
   497  01FF  081F               	movf	31,w	;volatile
   498  0200  39C3               	andlw	-61
   499  0201  3804               	iorlw	4
   500  0202  009F               	movwf	31	;volatile
   501  0203  2A06               	goto	l1104
   502  0204                     l1102:
   503                           
   504                           ;Lab08.c: 87:     PORTC = 0x00;
   505  0204  30C3               	movlw	-61
   506  0205  059F               	andwf	31,f	;volatile
   507  0206                     l1104:
   508                           
   509                           ;Lab08.c: 89: 
   510  0206  3013               	movlw	19
   511  0207  1283               	bcf	3,5	;RP0=0, select bank0
   512  0208  1303               	bcf	3,6	;RP1=0, select bank0
   513  0209  00B1               	movwf	??_main
   514  020A                     u647:
   515  020A  0BB1               	decfsz	??_main,f
   516  020B  2A0A               	goto	u647
   517  020C  2A0D               	nop2
   518  020D                     l1106:
   519                           
   520                           ;Lab08.c: 90: 
   521  020D  1283               	bcf	3,5	;RP0=0, select bank0
   522  020E  1303               	bcf	3,6	;RP1=0, select bank0
   523  020F  149F               	bsf	31,1	;volatile
   524  0210                     l1108:
   525                           
   526                           ;Lab08.c: 91:     ADCON1bits.ADFM = 0;
   527  0210  120A  118A  2029  120A  118A  	fcall	_contador
   528  0215  29F0               	goto	l1096
   529  0216  120A  118A  280C   	ljmp	start
   530  0219                     __end_of_main:
   531                           
   532                           	psect	text1
   533  015E                     __ptext1:	
   534 ;; *************** function _setup *****************
   535 ;; Defined at:
   536 ;;		line 134 in file "Lab08.c"
   537 ;; Parameters:    Size  Location     Type
   538 ;;		None
   539 ;; Auto vars:     Size  Location     Type
   540 ;;		None
   541 ;; Return value:  Size  Location     Type
   542 ;;                  1    wreg      void 
   543 ;; Registers used:
   544 ;;		wreg, status,2, status,0
   545 ;; Tracked objects:
   546 ;;		On entry : 0/0
   547 ;;		On exit  : 0/0
   548 ;;		Unchanged: 0/0
   549 ;; Data sizes:     COMMON   BANK0   BANK1   BANK3   BANK2
   550 ;;      Params:         0       0       0       0       0
   551 ;;      Locals:         0       0       0       0       0
   552 ;;      Temps:          1       0       0       0       0
   553 ;;      Totals:         1       0       0       0       0
   554 ;;Total ram usage:        1 bytes
   555 ;; Hardware stack levels used:    1
   556 ;; Hardware stack levels required when called:    1
   557 ;; This function calls:
   558 ;;		Nothing
   559 ;; This function is called by:
   560 ;;		_main
   561 ;; This function uses a non-reentrant model
   562 ;;
   563                           
   564                           
   565                           ;psect for function _setup
   566  015E                     _setup:
   567  015E                     l772:	
   568                           ;incstack = 0
   569                           ; Regs used in _setup: [wreg+status,2+status,0]
   570                           
   571  015E  1683               	bsf	3,5	;RP0=1, select bank1
   572  015F  1303               	bcf	3,6	;RP1=0, select bank1
   573  0160  170F               	bsf	15,6	;volatile
   574  0161  168F               	bsf	15,5	;volatile
   575  0162  120F               	bcf	15,4	;volatile
   576  0163  140F               	bsf	15,0	;volatile
   577  0164                     l774:
   578  0164  1683               	bsf	3,5	;RP0=1, select bank3
   579  0165  1703               	bsf	3,6	;RP1=1, select bank3
   580  0166  0189               	clrf	9	;volatile
   581  0167                     l776:
   582  0167  3003               	movlw	3
   583  0168  0088               	movwf	8	;volatile
   584  0169                     l778:
   585  0169  3003               	movlw	3
   586  016A  1683               	bsf	3,5	;RP0=1, select bank1
   587  016B  1303               	bcf	3,6	;RP1=0, select bank1
   588  016C  0085               	movwf	5	;volatile
   589  016D  0188               	clrf	8	;volatile
   590  016E  0186               	clrf	6	;volatile
   591  016F  0187               	clrf	7	;volatile
   592  0170                     l780:
   593  0170  3008               	movlw	8
   594  0171  0089               	movwf	9	;volatile
   595  0172                     l782:
   596  0172  1283               	bcf	3,5	;RP0=0, select bank0
   597  0173  1303               	bcf	3,6	;RP1=0, select bank0
   598  0174  0185               	clrf	5	;volatile
   599  0175                     l784:
   600  0175  0188               	clrf	8	;volatile
   601  0176                     l786:
   602  0176  0186               	clrf	6	;volatile
   603  0177                     l788:
   604  0177  0187               	clrf	7	;volatile
   605  0178                     l790:
   606  0178  0189               	clrf	9	;volatile
   607  0179                     l792:
   608  0179  1683               	bsf	3,5	;RP0=1, select bank1
   609  017A  1303               	bcf	3,6	;RP1=0, select bank1
   610  017B  139F               	bcf	31,7	;volatile
   611  017C                     l794:
   612  017C  121F               	bcf	31,4	;volatile
   613  017D                     l796:
   614  017D  129F               	bcf	31,5	;volatile
   615  017E                     l798:
   616  017E  1283               	bcf	3,5	;RP0=0, select bank0
   617  017F  1303               	bcf	3,6	;RP1=0, select bank0
   618  0180  081F               	movf	31,w	;volatile
   619  0181  393F               	andlw	-193
   620  0182  3880               	iorlw	128
   621  0183  009F               	movwf	31	;volatile
   622  0184                     l800:
   623  0184  30C3               	movlw	-61
   624  0185  059F               	andwf	31,f	;volatile
   625  0186  3029               	movlw	41
   626  0187  00F3               	movwf	??_setup
   627  0188                     u657:
   628  0188  0BF3               	decfsz	??_setup,f
   629  0189  2988               	goto	u657
   630  018A  0000               	nop
   631  018B                     l802:
   632  018B  1283               	bcf	3,5	;RP0=0, select bank0
   633  018C  1303               	bcf	3,6	;RP1=0, select bank0
   634  018D  141F               	bsf	31,0	;volatile
   635  018E                     l804:
   636  018E  178B               	bsf	11,7	;volatile
   637  018F                     l806:
   638  018F  168B               	bsf	11,5	;volatile
   639  0190                     l808:
   640  0190  110B               	bcf	11,2	;volatile
   641  0191                     l810:
   642  0191  170B               	bsf	11,6	;volatile
   643  0192                     l812:
   644  0192  1683               	bsf	3,5	;RP0=1, select bank1
   645  0193  1303               	bcf	3,6	;RP1=0, select bank1
   646  0194  170C               	bsf	12,6	;volatile
   647  0195                     l814:
   648  0195  1283               	bcf	3,5	;RP0=0, select bank0
   649  0196  1303               	bcf	3,6	;RP1=0, select bank0
   650  0197  130C               	bcf	12,6	;volatile
   651  0198                     l816:
   652  0198  1683               	bsf	3,5	;RP0=1, select bank1
   653  0199  1303               	bcf	3,6	;RP1=0, select bank1
   654  019A  1281               	bcf	1,5	;volatile
   655  019B                     l818:
   656  019B  1181               	bcf	1,3	;volatile
   657  019C                     l820:
   658  019C  1501               	bsf	1,2	;volatile
   659  019D                     l822:
   660  019D  1481               	bsf	1,1	;volatile
   661  019E                     l824:
   662  019E  1401               	bsf	1,0	;volatile
   663  019F  30EC               	movlw	236
   664  01A0  1283               	bcf	3,5	;RP0=0, select bank0
   665  01A1  1303               	bcf	3,6	;RP1=0, select bank0
   666  01A2  0081               	movwf	1	;volatile
   667  01A3                     l95:
   668  01A3  0008               	return
   669  01A4                     __end_of_setup:
   670                           
   671                           	psect	text2
   672  0029                     __ptext2:	
   673 ;; *************** function _contador *****************
   674 ;; Defined at:
   675 ;;		line 186 in file "Lab08.c"
   676 ;; Parameters:    Size  Location     Type
   677 ;;		None
   678 ;; Auto vars:     Size  Location     Type
   679 ;;		None
   680 ;; Return value:  Size  Location     Type
   681 ;;                  1    wreg      void 
   682 ;; Registers used:
   683 ;;		wreg, fsr0l, fsr0h, status,2, status,0, pclath, cstack
   684 ;; Tracked objects:
   685 ;;		On entry : 0/0
   686 ;;		On exit  : 0/0
   687 ;;		Unchanged: 0/0
   688 ;; Data sizes:     COMMON   BANK0   BANK1   BANK3   BANK2
   689 ;;      Params:         0       0       0       0       0
   690 ;;      Locals:         0       0       0       0       0
   691 ;;      Temps:          0       3       0       0       0
   692 ;;      Totals:         0       3       0       0       0
   693 ;;Total ram usage:        3 bytes
   694 ;; Hardware stack levels used:    1
   695 ;; Hardware stack levels required when called:    2
   696 ;; This function calls:
   697 ;;		___awdiv
   698 ;;		___awmod
   699 ;; This function is called by:
   700 ;;		_main
   701 ;; This function uses a non-reentrant model
   702 ;;
   703                           
   704                           
   705                           ;psect for function _contador
   706  0029                     _contador:
   707  0029                     l1084:	
   708                           ;incstack = 0
   709                           ; Regs used in _contador: [wreg-fsr0h+status,2+status,0+pclath+cstack]
   710                           
   711  0029  3064               	movlw	100
   712  002A  00F3               	movwf	___awdiv@divisor
   713  002B  3000               	movlw	0
   714  002C  00F4               	movwf	___awdiv@divisor+1
   715  002D  087A               	movf	_var_temp,w
   716  002E  1283               	bcf	3,5	;RP0=0, select bank0
   717  002F  1303               	bcf	3,6	;RP1=0, select bank0
   718  0030  00AE               	movwf	??_contador
   719  0031  01AF               	clrf	??_contador+1
   720  0032  082E               	movf	??_contador,w
   721  0033  00F5               	movwf	___awdiv@dividend
   722  0034  082F               	movf	??_contador+1,w
   723  0035  00F6               	movwf	___awdiv@dividend+1
   724  0036  120A  118A  209A  120A  118A  	fcall	___awdiv
   725  003B  0873               	movf	?___awdiv,w
   726  003C  1283               	bcf	3,5	;RP0=0, select bank0
   727  003D  1303               	bcf	3,6	;RP1=0, select bank0
   728  003E  00B0               	movwf	??_contador+2
   729  003F  0830               	movf	??_contador+2,w
   730  0040  00B5               	movwf	_centenas
   731  0041  3064               	movlw	100
   732  0042  00F3               	movwf	___awmod@divisor
   733  0043  3000               	movlw	0
   734  0044  00F4               	movwf	___awmod@divisor+1
   735  0045  087A               	movf	_var_temp,w
   736  0046  00AE               	movwf	??_contador
   737  0047  01AF               	clrf	??_contador+1
   738  0048  082E               	movf	??_contador,w
   739  0049  00F5               	movwf	___awmod@dividend
   740  004A  082F               	movf	??_contador+1,w
   741  004B  00F6               	movwf	___awmod@dividend+1
   742  004C  120A  118A  2103  120A  118A  	fcall	___awmod
   743  0051  0873               	movf	?___awmod,w
   744  0052  1283               	bcf	3,5	;RP0=0, select bank0
   745  0053  1303               	bcf	3,6	;RP1=0, select bank0
   746  0054  00B0               	movwf	??_contador+2
   747  0055  0830               	movf	??_contador+2,w
   748  0056  00B6               	movwf	_decenas_temp
   749  0057  300A               	movlw	10
   750  0058  00F3               	movwf	___awdiv@divisor
   751  0059  3000               	movlw	0
   752  005A  00F4               	movwf	___awdiv@divisor+1
   753  005B  0836               	movf	_decenas_temp,w
   754  005C  00AE               	movwf	??_contador
   755  005D  01AF               	clrf	??_contador+1
   756  005E  082E               	movf	??_contador,w
   757  005F  00F5               	movwf	___awdiv@dividend
   758  0060  082F               	movf	??_contador+1,w
   759  0061  00F6               	movwf	___awdiv@dividend+1
   760  0062  120A  118A  209A  120A  118A  	fcall	___awdiv
   761  0067  0873               	movf	?___awdiv,w
   762  0068  1283               	bcf	3,5	;RP0=0, select bank0
   763  0069  1303               	bcf	3,6	;RP1=0, select bank0
   764  006A  00B0               	movwf	??_contador+2
   765  006B  0830               	movf	??_contador+2,w
   766  006C  00F8               	movwf	_decenas
   767  006D  300A               	movlw	10
   768  006E  00F3               	movwf	___awmod@divisor
   769  006F  3000               	movlw	0
   770  0070  00F4               	movwf	___awmod@divisor+1
   771  0071  087A               	movf	_var_temp,w
   772  0072  00AE               	movwf	??_contador
   773  0073  01AF               	clrf	??_contador+1
   774  0074  082E               	movf	??_contador,w
   775  0075  00F5               	movwf	___awmod@dividend
   776  0076  082F               	movf	??_contador+1,w
   777  0077  00F6               	movwf	___awmod@dividend+1
   778  0078  120A  118A  2103  120A  118A  	fcall	___awmod
   779  007D  0873               	movf	?___awmod,w
   780  007E  1283               	bcf	3,5	;RP0=0, select bank0
   781  007F  1303               	bcf	3,6	;RP1=0, select bank0
   782  0080  00B0               	movwf	??_contador+2
   783  0081  0830               	movf	??_contador+2,w
   784  0082  00F9               	movwf	_unidades
   785  0083                     l1086:
   786  0083  0879               	movf	_unidades,w
   787  0084  3E20               	addlw	(low (_tab7seg| 0))& (0+255)
   788  0085  0084               	movwf	4
   789  0086  1383               	bcf	3,7	;select IRP bank0
   790  0087  0800               	movf	0,w
   791  0088  00AE               	movwf	??_contador
   792  0089  082E               	movf	??_contador,w
   793  008A  00B4               	movwf	_unidad_display
   794  008B                     l1088:
   795  008B  0878               	movf	_decenas,w
   796  008C  3E20               	addlw	(low (_tab7seg| 0))& (0+255)
   797  008D  0084               	movwf	4
   798  008E  0800               	movf	0,w
   799  008F  00AE               	movwf	??_contador
   800  0090  082E               	movf	??_contador,w
   801  0091  00B3               	movwf	_decena_display
   802  0092                     l1090:
   803  0092  0835               	movf	_centenas,w
   804  0093  3E20               	addlw	(low (_tab7seg| 0))& (0+255)
   805  0094  0084               	movwf	4
   806  0095  0800               	movf	0,w
   807  0096  00AE               	movwf	??_contador
   808  0097  082E               	movf	??_contador,w
   809  0098  00B2               	movwf	_centena_display
   810  0099                     l98:
   811  0099  0008               	return
   812  009A                     __end_of_contador:
   813                           
   814                           	psect	text3
   815  0103                     __ptext3:	
   816 ;; *************** function ___awmod *****************
   817 ;; Defined at:
   818 ;;		line 5 in file "C:\Program Files\Microchip\xc8\v2.31\pic\sources\c90\common\awmod.c"
   819 ;; Parameters:    Size  Location     Type
   820 ;;  divisor         2    3[COMMON] int 
   821 ;;  dividend        2    5[COMMON] int 
   822 ;; Auto vars:     Size  Location     Type
   823 ;;  sign            1    1[BANK0 ] unsigned char 
   824 ;;  counter         1    0[BANK0 ] unsigned char 
   825 ;; Return value:  Size  Location     Type
   826 ;;                  2    3[COMMON] int 
   827 ;; Registers used:
   828 ;;		wreg, status,2, status,0
   829 ;; Tracked objects:
   830 ;;		On entry : 0/0
   831 ;;		On exit  : 0/0
   832 ;;		Unchanged: 0/0
   833 ;; Data sizes:     COMMON   BANK0   BANK1   BANK3   BANK2
   834 ;;      Params:         4       0       0       0       0
   835 ;;      Locals:         0       2       0       0       0
   836 ;;      Temps:          1       0       0       0       0
   837 ;;      Totals:         5       2       0       0       0
   838 ;;Total ram usage:        7 bytes
   839 ;; Hardware stack levels used:    1
   840 ;; Hardware stack levels required when called:    1
   841 ;; This function calls:
   842 ;;		Nothing
   843 ;; This function is called by:
   844 ;;		_contador
   845 ;; This function uses a non-reentrant model
   846 ;;
   847                           
   848                           
   849                           ;psect for function ___awmod
   850  0103                     ___awmod:
   851  0103                     l1046:	
   852                           ;incstack = 0
   853                           ; Regs used in ___awmod: [wreg+status,2+status,0]
   854                           
   855  0103  1283               	bcf	3,5	;RP0=0, select bank0
   856  0104  1303               	bcf	3,6	;RP1=0, select bank0
   857  0105  01AB               	clrf	___awmod@sign
   858  0106                     l1048:
   859  0106  1FF6               	btfss	___awmod@dividend+1,7
   860  0107  2909               	goto	u531
   861  0108  290A               	goto	u530
   862  0109                     u531:
   863  0109  2911               	goto	l1054
   864  010A                     u530:
   865  010A                     l1050:
   866  010A  09F5               	comf	___awmod@dividend,f
   867  010B  09F6               	comf	___awmod@dividend+1,f
   868  010C  0AF5               	incf	___awmod@dividend,f
   869  010D  1903               	skipnz
   870  010E  0AF6               	incf	___awmod@dividend+1,f
   871  010F                     l1052:
   872  010F  01AB               	clrf	___awmod@sign
   873  0110  0AAB               	incf	___awmod@sign,f
   874  0111                     l1054:
   875  0111  1FF4               	btfss	___awmod@divisor+1,7
   876  0112  2914               	goto	u541
   877  0113  2915               	goto	u540
   878  0114                     u541:
   879  0114  291A               	goto	l1058
   880  0115                     u540:
   881  0115                     l1056:
   882  0115  09F3               	comf	___awmod@divisor,f
   883  0116  09F4               	comf	___awmod@divisor+1,f
   884  0117  0AF3               	incf	___awmod@divisor,f
   885  0118  1903               	skipnz
   886  0119  0AF4               	incf	___awmod@divisor+1,f
   887  011A                     l1058:
   888  011A  0873               	movf	___awmod@divisor,w
   889  011B  0474               	iorwf	___awmod@divisor+1,w
   890  011C  1903               	btfsc	3,2
   891  011D  291F               	goto	u551
   892  011E  2920               	goto	u550
   893  011F                     u551:
   894  011F  294F               	goto	l1076
   895  0120                     u550:
   896  0120                     l1060:
   897  0120  01AA               	clrf	___awmod@counter
   898  0121  0AAA               	incf	___awmod@counter,f
   899  0122  292E               	goto	l1066
   900  0123                     l1062:
   901  0123  3001               	movlw	1
   902  0124                     u565:
   903  0124  1003               	clrc
   904  0125  0DF3               	rlf	___awmod@divisor,f
   905  0126  0DF4               	rlf	___awmod@divisor+1,f
   906  0127  3EFF               	addlw	-1
   907  0128  1D03               	skipz
   908  0129  2924               	goto	u565
   909  012A                     l1064:
   910  012A  3001               	movlw	1
   911  012B  00F7               	movwf	??___awmod
   912  012C  0877               	movf	??___awmod,w
   913  012D  07AA               	addwf	___awmod@counter,f
   914  012E                     l1066:
   915  012E  1FF4               	btfss	___awmod@divisor+1,7
   916  012F  2931               	goto	u571
   917  0130  2932               	goto	u570
   918  0131                     u571:
   919  0131  2923               	goto	l1062
   920  0132                     u570:
   921  0132                     l1068:
   922  0132  0874               	movf	___awmod@divisor+1,w
   923  0133  0276               	subwf	___awmod@dividend+1,w
   924  0134  1D03               	skipz
   925  0135  2938               	goto	u585
   926  0136  0873               	movf	___awmod@divisor,w
   927  0137  0275               	subwf	___awmod@dividend,w
   928  0138                     u585:
   929  0138  1C03               	skipc
   930  0139  293B               	goto	u581
   931  013A  293C               	goto	u580
   932  013B                     u581:
   933  013B  2942               	goto	l1072
   934  013C                     u580:
   935  013C                     l1070:
   936  013C  0873               	movf	___awmod@divisor,w
   937  013D  02F5               	subwf	___awmod@dividend,f
   938  013E  0874               	movf	___awmod@divisor+1,w
   939  013F  1C03               	skipc
   940  0140  03F6               	decf	___awmod@dividend+1,f
   941  0141  02F6               	subwf	___awmod@dividend+1,f
   942  0142                     l1072:
   943  0142  3001               	movlw	1
   944  0143                     u595:
   945  0143  1003               	clrc
   946  0144  0CF4               	rrf	___awmod@divisor+1,f
   947  0145  0CF3               	rrf	___awmod@divisor,f
   948  0146  3EFF               	addlw	-1
   949  0147  1D03               	skipz
   950  0148  2943               	goto	u595
   951  0149                     l1074:
   952  0149  3001               	movlw	1
   953  014A  02AA               	subwf	___awmod@counter,f
   954  014B  1D03               	btfss	3,2
   955  014C  294E               	goto	u601
   956  014D  294F               	goto	u600
   957  014E                     u601:
   958  014E  2932               	goto	l1068
   959  014F                     u600:
   960  014F                     l1076:
   961  014F  082B               	movf	___awmod@sign,w
   962  0150  1903               	btfsc	3,2
   963  0151  2953               	goto	u611
   964  0152  2954               	goto	u610
   965  0153                     u611:
   966  0153  2959               	goto	l1080
   967  0154                     u610:
   968  0154                     l1078:
   969  0154  09F5               	comf	___awmod@dividend,f
   970  0155  09F6               	comf	___awmod@dividend+1,f
   971  0156  0AF5               	incf	___awmod@dividend,f
   972  0157  1903               	skipnz
   973  0158  0AF6               	incf	___awmod@dividend+1,f
   974  0159                     l1080:
   975  0159  0876               	movf	___awmod@dividend+1,w
   976  015A  00F4               	movwf	?___awmod+1
   977  015B  0875               	movf	___awmod@dividend,w
   978  015C  00F3               	movwf	?___awmod
   979  015D                     l350:
   980  015D  0008               	return
   981  015E                     __end_of___awmod:
   982                           
   983                           	psect	text4
   984  009A                     __ptext4:	
   985 ;; *************** function ___awdiv *****************
   986 ;; Defined at:
   987 ;;		line 5 in file "C:\Program Files\Microchip\xc8\v2.31\pic\sources\c90\common\awdiv.c"
   988 ;; Parameters:    Size  Location     Type
   989 ;;  divisor         2    3[COMMON] int 
   990 ;;  dividend        2    5[COMMON] int 
   991 ;; Auto vars:     Size  Location     Type
   992 ;;  quotient        2    2[BANK0 ] int 
   993 ;;  sign            1    1[BANK0 ] unsigned char 
   994 ;;  counter         1    0[BANK0 ] unsigned char 
   995 ;; Return value:  Size  Location     Type
   996 ;;                  2    3[COMMON] int 
   997 ;; Registers used:
   998 ;;		wreg, status,2, status,0
   999 ;; Tracked objects:
  1000 ;;		On entry : 0/0
  1001 ;;		On exit  : 0/0
  1002 ;;		Unchanged: 0/0
  1003 ;; Data sizes:     COMMON   BANK0   BANK1   BANK3   BANK2
  1004 ;;      Params:         4       0       0       0       0
  1005 ;;      Locals:         0       4       0       0       0
  1006 ;;      Temps:          1       0       0       0       0
  1007 ;;      Totals:         5       4       0       0       0
  1008 ;;Total ram usage:        9 bytes
  1009 ;; Hardware stack levels used:    1
  1010 ;; Hardware stack levels required when called:    1
  1011 ;; This function calls:
  1012 ;;		Nothing
  1013 ;; This function is called by:
  1014 ;;		_contador
  1015 ;; This function uses a non-reentrant model
  1016 ;;
  1017                           
  1018                           
  1019                           ;psect for function ___awdiv
  1020  009A                     ___awdiv:
  1021  009A                     l896:	
  1022                           ;incstack = 0
  1023                           ; Regs used in ___awdiv: [wreg+status,2+status,0]
  1024                           
  1025  009A  1283               	bcf	3,5	;RP0=0, select bank0
  1026  009B  1303               	bcf	3,6	;RP1=0, select bank0
  1027  009C  01AB               	clrf	___awdiv@sign
  1028  009D                     l898:
  1029  009D  1FF4               	btfss	___awdiv@divisor+1,7
  1030  009E  28A0               	goto	u271
  1031  009F  28A1               	goto	u270
  1032  00A0                     u271:
  1033  00A0  28A8               	goto	l904
  1034  00A1                     u270:
  1035  00A1                     l900:
  1036  00A1  09F3               	comf	___awdiv@divisor,f
  1037  00A2  09F4               	comf	___awdiv@divisor+1,f
  1038  00A3  0AF3               	incf	___awdiv@divisor,f
  1039  00A4  1903               	skipnz
  1040  00A5  0AF4               	incf	___awdiv@divisor+1,f
  1041  00A6                     l902:
  1042  00A6  01AB               	clrf	___awdiv@sign
  1043  00A7  0AAB               	incf	___awdiv@sign,f
  1044  00A8                     l904:
  1045  00A8  1FF6               	btfss	___awdiv@dividend+1,7
  1046  00A9  28AB               	goto	u281
  1047  00AA  28AC               	goto	u280
  1048  00AB                     u281:
  1049  00AB  28B5               	goto	l910
  1050  00AC                     u280:
  1051  00AC                     l906:
  1052  00AC  09F5               	comf	___awdiv@dividend,f
  1053  00AD  09F6               	comf	___awdiv@dividend+1,f
  1054  00AE  0AF5               	incf	___awdiv@dividend,f
  1055  00AF  1903               	skipnz
  1056  00B0  0AF6               	incf	___awdiv@dividend+1,f
  1057  00B1                     l908:
  1058  00B1  3001               	movlw	1
  1059  00B2  00F7               	movwf	??___awdiv
  1060  00B3  0877               	movf	??___awdiv,w
  1061  00B4  06AB               	xorwf	___awdiv@sign,f
  1062  00B5                     l910:
  1063  00B5  01AC               	clrf	___awdiv@quotient
  1064  00B6  01AD               	clrf	___awdiv@quotient+1
  1065  00B7                     l912:
  1066  00B7  0873               	movf	___awdiv@divisor,w
  1067  00B8  0474               	iorwf	___awdiv@divisor+1,w
  1068  00B9  1903               	btfsc	3,2
  1069  00BA  28BC               	goto	u291
  1070  00BB  28BD               	goto	u290
  1071  00BC                     u291:
  1072  00BC  28F4               	goto	l932
  1073  00BD                     u290:
  1074  00BD                     l914:
  1075  00BD  01AA               	clrf	___awdiv@counter
  1076  00BE  0AAA               	incf	___awdiv@counter,f
  1077  00BF  28CB               	goto	l920
  1078  00C0                     l916:
  1079  00C0  3001               	movlw	1
  1080  00C1                     u305:
  1081  00C1  1003               	clrc
  1082  00C2  0DF3               	rlf	___awdiv@divisor,f
  1083  00C3  0DF4               	rlf	___awdiv@divisor+1,f
  1084  00C4  3EFF               	addlw	-1
  1085  00C5  1D03               	skipz
  1086  00C6  28C1               	goto	u305
  1087  00C7                     l918:
  1088  00C7  3001               	movlw	1
  1089  00C8  00F7               	movwf	??___awdiv
  1090  00C9  0877               	movf	??___awdiv,w
  1091  00CA  07AA               	addwf	___awdiv@counter,f
  1092  00CB                     l920:
  1093  00CB  1FF4               	btfss	___awdiv@divisor+1,7
  1094  00CC  28CE               	goto	u311
  1095  00CD  28CF               	goto	u310
  1096  00CE                     u311:
  1097  00CE  28C0               	goto	l916
  1098  00CF                     u310:
  1099  00CF                     l922:
  1100  00CF  3001               	movlw	1
  1101  00D0                     u325:
  1102  00D0  1003               	clrc
  1103  00D1  0DAC               	rlf	___awdiv@quotient,f
  1104  00D2  0DAD               	rlf	___awdiv@quotient+1,f
  1105  00D3  3EFF               	addlw	-1
  1106  00D4  1D03               	skipz
  1107  00D5  28D0               	goto	u325
  1108  00D6  0874               	movf	___awdiv@divisor+1,w
  1109  00D7  0276               	subwf	___awdiv@dividend+1,w
  1110  00D8  1D03               	skipz
  1111  00D9  28DC               	goto	u335
  1112  00DA  0873               	movf	___awdiv@divisor,w
  1113  00DB  0275               	subwf	___awdiv@dividend,w
  1114  00DC                     u335:
  1115  00DC  1C03               	skipc
  1116  00DD  28DF               	goto	u331
  1117  00DE  28E0               	goto	u330
  1118  00DF                     u331:
  1119  00DF  28E7               	goto	l928
  1120  00E0                     u330:
  1121  00E0                     l924:
  1122  00E0  0873               	movf	___awdiv@divisor,w
  1123  00E1  02F5               	subwf	___awdiv@dividend,f
  1124  00E2  0874               	movf	___awdiv@divisor+1,w
  1125  00E3  1C03               	skipc
  1126  00E4  03F6               	decf	___awdiv@dividend+1,f
  1127  00E5  02F6               	subwf	___awdiv@dividend+1,f
  1128  00E6                     l926:
  1129  00E6  142C               	bsf	___awdiv@quotient,0
  1130  00E7                     l928:
  1131  00E7  3001               	movlw	1
  1132  00E8                     u345:
  1133  00E8  1003               	clrc
  1134  00E9  0CF4               	rrf	___awdiv@divisor+1,f
  1135  00EA  0CF3               	rrf	___awdiv@divisor,f
  1136  00EB  3EFF               	addlw	-1
  1137  00EC  1D03               	skipz
  1138  00ED  28E8               	goto	u345
  1139  00EE                     l930:
  1140  00EE  3001               	movlw	1
  1141  00EF  02AA               	subwf	___awdiv@counter,f
  1142  00F0  1D03               	btfss	3,2
  1143  00F1  28F3               	goto	u351
  1144  00F2  28F4               	goto	u350
  1145  00F3                     u351:
  1146  00F3  28CF               	goto	l922
  1147  00F4                     u350:
  1148  00F4                     l932:
  1149  00F4  082B               	movf	___awdiv@sign,w
  1150  00F5  1903               	btfsc	3,2
  1151  00F6  28F8               	goto	u361
  1152  00F7  28F9               	goto	u360
  1153  00F8                     u361:
  1154  00F8  28FE               	goto	l936
  1155  00F9                     u360:
  1156  00F9                     l934:
  1157  00F9  09AC               	comf	___awdiv@quotient,f
  1158  00FA  09AD               	comf	___awdiv@quotient+1,f
  1159  00FB  0AAC               	incf	___awdiv@quotient,f
  1160  00FC  1903               	skipnz
  1161  00FD  0AAD               	incf	___awdiv@quotient+1,f
  1162  00FE                     l936:
  1163  00FE  082D               	movf	___awdiv@quotient+1,w
  1164  00FF  00F4               	movwf	?___awdiv+1
  1165  0100  082C               	movf	___awdiv@quotient,w
  1166  0101  00F3               	movwf	?___awdiv
  1167  0102                     l337:
  1168  0102  0008               	return
  1169  0103                     __end_of___awdiv:
  1170                           
  1171                           	psect	text5
  1172  01A4                     __ptext5:	
  1173 ;; *************** function _isr *****************
  1174 ;; Defined at:
  1175 ;;		line 97 in file "Lab08.c"
  1176 ;; Parameters:    Size  Location     Type
  1177 ;;		None
  1178 ;; Auto vars:     Size  Location     Type
  1179 ;;		None
  1180 ;; Return value:  Size  Location     Type
  1181 ;;                  1    wreg      void 
  1182 ;; Registers used:
  1183 ;;		wreg, status,2, status,0
  1184 ;; Tracked objects:
  1185 ;;		On entry : 0/0
  1186 ;;		On exit  : 0/0
  1187 ;;		Unchanged: 0/0
  1188 ;; Data sizes:     COMMON   BANK0   BANK1   BANK3   BANK2
  1189 ;;      Params:         0       0       0       0       0
  1190 ;;      Locals:         0       0       0       0       0
  1191 ;;      Temps:          3       0       0       0       0
  1192 ;;      Totals:         3       0       0       0       0
  1193 ;;Total ram usage:        3 bytes
  1194 ;; Hardware stack levels used:    1
  1195 ;; This function calls:
  1196 ;;		Nothing
  1197 ;; This function is called by:
  1198 ;;		Interrupt level 1
  1199 ;; This function uses a non-reentrant model
  1200 ;;
  1201                           
  1202                           
  1203                           ;psect for function _isr
  1204  01A4                     _isr:
  1205  01A4                     i1l1004:
  1206                           
  1207                           ;Lab08.c: 99: 
  1208  01A4  1D0B               	btfss	11,2	;volatile
  1209  01A5  29A7               	goto	u48_21
  1210  01A6  29A8               	goto	u48_20
  1211  01A7                     u48_21:
  1212  01A7  29CA               	goto	i1l1034
  1213  01A8                     u48_20:
  1214  01A8                     i1l1006:
  1215                           
  1216                           ;Lab08.c: 100: 
  1217  01A8  1283               	bcf	3,5	;RP0=0, select bank0
  1218  01A9  1303               	bcf	3,6	;RP1=0, select bank0
  1219  01AA  0188               	clrf	8	;volatile
  1220  01AB                     i1l1008:
  1221                           
  1222                           ;Lab08.c: 101:     INTCONbits.GIE = 1;
  1223  01AB  0809               	movf	9,w	;volatile
  1224  01AC  1D03               	btfss	3,2
  1225  01AD  29AF               	goto	u49_21
  1226  01AE  29B0               	goto	u49_20
  1227  01AF                     u49_21:
  1228  01AF  29B8               	goto	i1l1016
  1229  01B0                     u49_20:
  1230  01B0                     i1l1010:
  1231                           
  1232                           ;Lab08.c: 102:     INTCONbits.T0IE = 1;
  1233  01B0  0834               	movf	_unidad_display,w
  1234  01B1  0087               	movwf	7	;volatile
  1235  01B2                     i1l1012:
  1236                           
  1237                           ;Lab08.c: 103:     INTCONbits.T0IF = 0;
  1238  01B2  1408               	bsf	8,0	;volatile
  1239  01B3                     i1l1014:
  1240                           
  1241                           ;Lab08.c: 104:     INTCONbits.PEIE = 1;
  1242  01B3  3001               	movlw	1
  1243  01B4  00F0               	movwf	??_isr
  1244  01B5  0870               	movf	??_isr,w
  1245  01B6  0789               	addwf	9,f	;volatile
  1246                           
  1247                           ;Lab08.c: 105:     PIE1bits.ADIE = 1;
  1248  01B7  29C7               	goto	i1l1030
  1249  01B8                     i1l1016:
  1250  01B8  0309               	decf	9,w	;volatile
  1251  01B9  1D03               	btfss	3,2
  1252  01BA  29BC               	goto	u50_21
  1253  01BB  29BD               	goto	u50_20
  1254  01BC                     u50_21:
  1255  01BC  29C1               	goto	i1l1024
  1256  01BD                     u50_20:
  1257  01BD                     i1l1018:
  1258                           
  1259                           ;Lab08.c: 107: 
  1260  01BD  0833               	movf	_decena_display,w
  1261  01BE  0087               	movwf	7	;volatile
  1262  01BF                     i1l1020:
  1263                           
  1264                           ;Lab08.c: 108: 
  1265  01BF  1488               	bsf	8,1	;volatile
  1266  01C0  29B3               	goto	i1l1014
  1267  01C1                     i1l1024:
  1268                           
  1269                           ;Lab08.c: 112:     OPTION_REGbits.PS1 = 1;
  1270  01C1  0832               	movf	_centena_display,w
  1271  01C2  0087               	movwf	7	;volatile
  1272  01C3                     i1l1026:
  1273                           
  1274                           ;Lab08.c: 113:     OPTION_REGbits.PS0 = 1;
  1275  01C3  1508               	bsf	8,2	;volatile
  1276  01C4                     i1l1028:
  1277                           
  1278                           ;Lab08.c: 114:     TMR0 = 236;
  1279  01C4  0809               	movf	9,w	;volatile
  1280  01C5  3E02               	addlw	2
  1281  01C6  0089               	movwf	9	;volatile
  1282  01C7                     i1l1030:
  1283                           
  1284                           ;Lab08.c: 116:  }
  1285  01C7  30EC               	movlw	236
  1286  01C8  0081               	movwf	1	;volatile
  1287  01C9                     i1l1032:
  1288                           
  1289                           ;Lab08.c: 117: 
  1290  01C9  110B               	bcf	11,2	;volatile
  1291  01CA                     i1l1034:
  1292                           
  1293                           ;Lab08.c: 120:     centenas = var_temp/100;
  1294  01CA  1283               	bcf	3,5	;RP0=0, select bank0
  1295  01CB  1303               	bcf	3,6	;RP1=0, select bank0
  1296  01CC  1F0C               	btfss	12,6	;volatile
  1297  01CD  29CF               	goto	u51_21
  1298  01CE  29D0               	goto	u51_20
  1299  01CF                     u51_21:
  1300  01CF  29E1               	goto	i1l92
  1301  01D0                     u51_20:
  1302  01D0                     i1l1036:
  1303                           
  1304                           ;Lab08.c: 121:     decenas_temp = var_temp%100;
  1305  01D0  0C1F               	rrf	31,w	;volatile
  1306  01D1  00F0               	movwf	??_isr
  1307  01D2  0C70               	rrf	??_isr,w
  1308  01D3  390F               	andlw	15
  1309  01D4  3A00               	xorlw	0
  1310  01D5  1D03               	skipz
  1311  01D6  29D8               	goto	u52_21
  1312  01D7  29D9               	goto	u52_20
  1313  01D8                     u52_21:
  1314  01D8  29DC               	goto	i1l1040
  1315  01D9                     u52_20:
  1316  01D9                     i1l1038:
  1317                           
  1318                           ;Lab08.c: 122:     decenas = decenas_temp/10;
  1319  01D9  081E               	movf	30,w	;volatile
  1320  01DA  0086               	movwf	6	;volatile
  1321  01DB  29E0               	goto	i1l1042
  1322  01DC                     i1l1040:
  1323                           
  1324                           ;Lab08.c: 124: 
  1325  01DC  081E               	movf	30,w	;volatile
  1326  01DD  00F0               	movwf	??_isr
  1327  01DE  0870               	movf	??_isr,w
  1328  01DF  00FA               	movwf	_var_temp
  1329  01E0                     i1l1042:
  1330                           
  1331                           ;Lab08.c: 126:     unidad_display = tab7seg[unidades];
  1332  01E0  130C               	bcf	12,6	;volatile
  1333  01E1                     i1l92:
  1334  01E1  0872               	movf	??_isr+2,w
  1335  01E2  008A               	movwf	10
  1336  01E3  0E71               	swapf	??_isr+1,w
  1337  01E4  0083               	movwf	3
  1338  01E5  0EFE               	swapf	btemp,f
  1339  01E6  0E7E               	swapf	btemp,w
  1340  01E7  0009               	retfie
  1341  01E8                     __end_of_isr:
  1342  007E                     btemp	set	126	;btemp
  1343  007E                     wtemp0	set	126
  1344                           
  1345                           	psect	intentry
  1346  0004                     __pintentry:	
  1347                           ;incstack = 0
  1348                           ; Regs used in _isr: [wreg+status,2+status,0]
  1349                           
  1350  0004                     interrupt_function:
  1351  007E                     saved_w	set	btemp
  1352  0004  00FE               	movwf	btemp
  1353  0005  0E03               	swapf	3,w
  1354  0006  00F1               	movwf	??_isr+1
  1355  0007  080A               	movf	10,w
  1356  0008  00F2               	movwf	??_isr+2
  1357  0009  120A  118A  29A4   	ljmp	_isr
  1358                           
  1359                           	psect	config
  1360                           
  1361                           ;Config register CONFIG1 @ 0x2007
  1362                           ;	Oscillator Selection bits
  1363                           ;	FOSC = INTRC_NOCLKOUT, INTOSCIO oscillator: I/O function on RA6/OSC2/CLKOUT pin, I/O f
      +                          unction on RA7/OSC1/CLKIN
  1364                           ;	Watchdog Timer Enable bit
  1365                           ;	WDTE = OFF, WDT disabled and can be enabled by SWDTEN bit of the WDTCON register
  1366                           ;	Power-up Timer Enable bit
  1367                           ;	PWRTE = ON, PWRT enabled
  1368                           ;	RE3/MCLR pin function select bit
  1369                           ;	MCLRE = OFF, RE3/MCLR pin function is digital input, MCLR internally tied to VDD
  1370                           ;	Code Protection bit
  1371                           ;	CP = OFF, Program memory code protection is disabled
  1372                           ;	Data Code Protection bit
  1373                           ;	CPD = OFF, Data memory code protection is disabled
  1374                           ;	Brown Out Reset Selection bits
  1375                           ;	BOREN = OFF, BOR disabled
  1376                           ;	Internal External Switchover bit
  1377                           ;	IESO = OFF, Internal/External Switchover mode is disabled
  1378                           ;	Fail-Safe Clock Monitor Enabled bit
  1379                           ;	FCMEN = OFF, Fail-Safe Clock Monitor is disabled
  1380                           ;	Low Voltage Programming Enable bit
  1381                           ;	LVP = ON, RB3/PGM pin has PGM function, low voltage programming enabled
  1382                           ;	In-Circuit Debugger Mode bit
  1383                           ;	DEBUG = 0x1, unprogrammed default
  1384  2007                     	org	8199
  1385  2007  30C4               	dw	12484
  1386                           
  1387                           ;Config register CONFIG2 @ 0x2008
  1388                           ;	Brown-out Reset Selection bit
  1389                           ;	BOR4V = BOR40V, Brown-out Reset set to 4.0V
  1390                           ;	Flash Program Memory Self Write Enable bits
  1391                           ;	WRT = OFF, Write protection off
  1392  2008                     	org	8200
  1393  2008  3FFF               	dw	16383

Data Sizes:
    Strings     0
    Constant    0
    Data        10
    BSS         8
    Persistent  0
    Stack       0

Auto Spaces:
    Space          Size  Autos    Used
    COMMON           14      8      11
    BANK0            80      8      23
    BANK1            80      0       0
    BANK3            96      0       0
    BANK2            96      0       0

Pointer List with Targets:

    None.

Critical Paths under _main in COMMON

    _contador->___awdiv
    _contador->___awmod

Critical Paths under _isr in COMMON

    None.

Critical Paths under _main in BANK0

    _main->_contador
    _contador->___awdiv

Critical Paths under _isr in BANK0

    None.

Critical Paths under _main in BANK1

    None.

Critical Paths under _isr in BANK1

    None.

Critical Paths under _main in BANK3

    None.

Critical Paths under _isr in BANK3

    None.

Critical Paths under _main in BANK2

    None.

Critical Paths under _isr in BANK2

    None.

Call Graph Tables:

 ---------------------------------------------------------------------------------
 (Depth) Function   	        Calls       Base Space   Used Autos Params    Refs
 ---------------------------------------------------------------------------------
 (0) _main                                                 1     1      0    1397
                                              7 BANK0      1     1      0
                           _contador
                              _setup
 ---------------------------------------------------------------------------------
 (1) _setup                                                1     1      0       0
                                              3 COMMON     1     1      0
 ---------------------------------------------------------------------------------
 (1) _contador                                             3     3      0    1397
                                              4 BANK0      3     3      0
                            ___awdiv
                            ___awmod
 ---------------------------------------------------------------------------------
 (2) ___awmod                                              7     3      4     793
                                              3 COMMON     5     1      4
                                              0 BANK0      2     2      0
 ---------------------------------------------------------------------------------
 (2) ___awdiv                                              9     5      4     604
                                              3 COMMON     5     1      4
                                              0 BANK0      4     4      0
 ---------------------------------------------------------------------------------
 Estimated maximum stack depth 2
 ---------------------------------------------------------------------------------
 (Depth) Function   	        Calls       Base Space   Used Autos Params    Refs
 ---------------------------------------------------------------------------------
 (3) _isr                                                  3     3      0       0
                                              0 COMMON     3     3      0
 ---------------------------------------------------------------------------------
 Estimated maximum stack depth 3
 ---------------------------------------------------------------------------------

 Call Graph Graphs:

 _main (ROOT)
   _contador
     ___awdiv
     ___awmod
   _setup

 _isr (ROOT)

 Address spaces:
Name               Size   Autos  Total    Cost      Usage
BANK3               60      0       0       9        0.0%
BITBANK3            60      0       0       8        0.0%
SFR3                 0      0       0       4        0.0%
BITSFR3              0      0       0       4        0.0%
BANK2               60      0       0      11        0.0%
BITBANK2            60      0       0      10        0.0%
SFR2                 0      0       0       5        0.0%
BITSFR2              0      0       0       5        0.0%
BANK1               50      0       0       7        0.0%
BITBANK1            50      0       0       6        0.0%
SFR1                 0      0       0       2        0.0%
BITSFR1              0      0       0       2        0.0%
BANK0               50      8      17       5       28.7%
BITBANK0            50      0       0       4        0.0%
SFR0                 0      0       0       1        0.0%
BITSFR0              0      0       0       1        0.0%
COMMON               E      8       B       1       78.6%
BITCOMMON            E      0       0       0        0.0%
CODE                 0      0       0       0        0.0%
DATA                 0      0      22      12        0.0%
ABS                  0      0      22       3        0.0%
NULL                 0      0       0       0        0.0%
STACK                0      0       0       2        0.0%
EEDATA             100      0       0       0        0.0%


Microchip Technology PIC Macro Assembler V2.31 build 20201012212115 
Symbol Table                                                                                   Fri Apr 23 11:08:37 2021

                      pc 0002                       l95 01A3                       l98 0099  
           ___awdiv@sign 002B                       fsr 0004                      l350 015D  
                    l337 0102                      l800 0184                      l810 0191  
                    l802 018B                      l900 00A1                      l820 019C  
                    l812 0192                      l804 018E                      l910 00B5  
                    l902 00A6                      l822 019D                      l814 0195  
                    l806 018F                      l920 00CB                      l912 00B7  
                    l904 00A8                      l824 019E                      l816 0198  
                    l808 0190                      l930 00EE                      l922 00CF  
                    l914 00BD                      l906 00AC                      l818 019B  
                    l924 00E0                      l916 00C0                      l932 00F4  
                    l908 00B1                      l780 0170                      l772 015E  
                    l934 00F9                      l926 00E6                      l918 00C7  
                    l790 0178                      l782 0172                      l774 0164  
                    l936 00FE                      l928 00E7                      l792 0179  
                    l784 0175                      l776 0167                      l794 017C  
                    l786 0176                      l778 0169                      l796 017D  
                    l788 0177                      l798 017E                      l896 009A  
                    l898 009D                      u310 00CF                      u311 00CE  
                    u305 00C1                      u330 00E0                      u331 00DF  
                    u325 00D0                      u350 00F4                      u270 00A1  
                    u351 00F3                      u335 00DC                      u271 00A0  
                    u360 00F9                      u280 00AC                      u600 014F  
                    u361 00F8                      u345 00E8                      u281 00AB  
                    u601 014E                      u290 00BD                      u610 0154  
                    u530 010A                      u291 00BC                      u611 0153  
                    u531 0109                      u540 0115                      u620 01F6  
                    u541 0114                      u621 01F5                      u550 0120  
                    u630 01FF                      u551 011F                      u631 01FE  
                    u570 0132                      u571 0131                      u580 013C  
                    u581 013B                      u565 0124                      u647 020A  
                    u585 0138                      u657 0188                      u595 0143  
                    _isr 01A4                      fsr0 0004                      indf 0000  
           ___awmod@sign 002B                     l1100 01FF                     l1102 0204  
                   l1104 0206                     l1050 010A                     l1106 020D  
                   l1060 0120                     l1052 010F                     l1108 0210  
                   l1070 013C                     l1062 0123                     l1054 0111  
                   l1046 0103                     l1080 0159                     l1072 0142  
                   l1064 012A                     l1056 0115                     l1048 0106  
                   l1074 0149                     l1066 012E                     l1058 011A  
                   l1090 0092                     l1068 0132                     l1076 014F  
                   l1084 0029                     l1092 01E8                     l1078 0154  
                   l1086 0083                     l1094 01ED                     l1088 008B  
                   l1096 01F0                     l1098 01F6                     ?_isr 0070  
                   i1l92 01E1                     _TMR0 0001                     _main 01E8  
                   btemp 007E                     start 000C                    ??_isr 0070  
                  ?_main 0070          __end_of___awdiv 0103          __end_of___awmod 015E  
                  _ANSEL 0188          ___awdiv@divisor 0073          ___awdiv@counter 002A  
                  u50_20 01BD                    u50_21 01BC                    u51_20 01D0  
                  u51_21 01CF                    _PORTA 0005                    _PORTB 0006  
                  _PORTC 0007                    _PORTD 0008                    _PORTE 0009  
                  u52_20 01D9                    u52_21 01D8                    u48_20 01A8  
                  u48_21 01A7                    u49_20 01B0                    u49_21 01AF  
                  _TRISA 0085                    _TRISB 0086                    _TRISC 0087  
                  _TRISD 0088                    _TRISE 0089                    _setup 015E  
                  pclath 000A                    status 0003                    wtemp0 007E  
        __initialization 000F             __end_of_main 0219                   ??_main 0031  
                 _ADRESH 001E         ___awdiv@dividend 0075                   ?_setup 0070  
                 _ANSELH 0189                   i1l1010 01B0                   i1l1020 01BF  
                 i1l1012 01B2                   i1l1004 01A4                   i1l1030 01C7  
                 i1l1014 01B3                   i1l1006 01A8                   i1l1040 01DC  
                 i1l1032 01C9                   i1l1024 01C1                   i1l1016 01B8  
                 i1l1008 01AB                   i1l1042 01E0                   i1l1026 01C3  
                 i1l1018 01BD                   i1l1034 01CA                   i1l1036 01D0  
                 i1l1028 01C4                   i1l1038 01D9         __end_of_contador 009A  
              ??___awdiv 0077                ??___awmod 0077         ___awdiv@quotient 002C  
        ___awmod@divisor 0073          ___awmod@counter 002A                   saved_w 007E  
           _decenas_temp 0036  __end_of__initialization 0025           __pcstackCOMMON 0070  
           __pidataBANK0 022C            __end_of_setup 01A4           _OPTION_REGbits 0081  
                ??_setup 0073               __pbssBANK0 0032               __pmaintext 01E8  
             __pintentry 0004                ?_contador 0070                  ___awdiv 009A  
                ___awmod 0103                  _decenas 0078                  __ptext1 015E  
                __ptext2 0029                  __ptext3 0103                  __ptext4 009A  
                __ptext5 01A4                  _tab7seg 0020             __size_of_isr 0044  
       ___awmod@dividend 0075     end_of_initialization 0025               ??_contador 002E  
              _PORTDbits 0008      start_initialization 000F              __end_of_isr 01E8  
             init_fetch0 0219              __pdataBANK0 0020              __pbssCOMMON 0078  
              ___latbits 0002            __pcstackBANK0 002A        __size_of_contador 0071  
               ?___awdiv 0073                 ?___awmod 0073           __size_of_setup 0046  
      interrupt_function 0004                 _PIE1bits 008C                 _PIR1bits 000C  
             _ADCON0bits 001F               _ADCON1bits 009F          _centena_display 0032  
       __size_of___awdiv 0069         __size_of___awmod 005B                 _centenas 0035  
               _contador 0029            __size_of_main 0031                 _var_temp 007A  
               _unidades 0079               _INTCONbits 000B                 init_ram0 021D  
               intlevel1 0000               _OSCCONbits 008F           _decena_display 0033  
         _unidad_display 0034  
